<?xml version="1.0" encoding="UTF-8"?>
<Site BuildName="(empty)"
	BuildStamp="20241004-1746-Experimental"
	Name="ethanfoong-ROG-Zephyrus-G15-GA503QS-GA503QS"
	Generator="ctest-3.28.3"
	CompilerName="/usr/bin/c++"
	CompilerVersion="13.2.0"
	OSName="Linux"
	Hostname="ethanfoong-ROG-Zephyrus-G15-GA503QS-GA503QS"
	OSRelease="6.8.0-41-generic"
	OSVersion="#41-Ubuntu SMP PREEMPT_DYNAMIC Fri Aug  2 20:41:06 UTC 2024"
	OSPlatform="x86_64"
	Is64Bits="1"
	VendorString="AuthenticAMD"
	VendorID="Advanced Micro Devices"
	FamilyID="25"
	ModelID="80"
	ProcessorCacheSize="512"
	NumberOfLogicalCPU="16"
	NumberOfPhysicalCPU="8"
	TotalVirtualMemory="4095"
	TotalPhysicalMemory="15389"
	LogicalProcessorsPerPhysical="2"
	ProcessorClockFrequency="4415.83"
	>
	<Testing>
		<StartDateTime>Oct 04 10:46 PDT</StartDateTime>
		<StartTestTime>1728063969</StartTestTime>
		<TestList/>
		<EndDateTime>Oct 04 10:46 PDT</EndDateTime>
		<EndTestTime>1728063969</EndTestTime>
		<ElapsedMinutes>0</ElapsedMinutes>
	</Testing>
</Site>
