<?xml version="1.0" encoding="UTF-8"?>
<Site BuildName="(empty)"
	BuildStamp="20240815-1859-Experimental"
	Name="ethanfoong-ROG-Zephyrus-G15-GA503QS-GA503QS"
	Generator="ctest-3.28.3"
	CompilerName="/usr/bin/c++"
	CompilerVersion="13.2.0"
	OSName="Linux"
	Hostname="ethanfoong-ROG-Zephyrus-G15-GA503QS-GA503QS"
	OSRelease="6.8.0-40-generic"
	OSVersion="#40-Ubuntu SMP PREEMPT_DYNAMIC Fri Jul  5 10:34:03 UTC 2024"
	OSPlatform="x86_64"
	Is64Bits="1"
	VendorString="AuthenticAMD"
	VendorID="Advanced Micro Devices"
	FamilyID="25"
	ModelID="80"
	ProcessorCacheSize="512"
	NumberOfLogicalCPU="16"
	NumberOfPhysicalCPU="8"
	TotalVirtualMemory="4095"
	TotalPhysicalMemory="15389"
	LogicalProcessorsPerPhysical="2"
	ProcessorClockFrequency="3529.43"
	>
	<Testing>
		<StartDateTime>Aug 15 11:59 PDT</StartDateTime>
		<StartTestTime>1723748372</StartTestTime>
		<TestList/>
		<EndDateTime>Aug 15 11:59 PDT</EndDateTime>
		<EndTestTime>1723748372</EndTestTime>
		<ElapsedMinutes>0</ElapsedMinutes>
	</Testing>
</Site>
