<?xml version="1.0" encoding="UTF-8"?>
<Site BuildName="(empty)"
	BuildStamp="20240724-0201-Experimental"
	Name="ethanfoong-ROG-Zephyrus-G15-GA503QS-GA503QS"
	Generator="ctest-3.28.3"
	CompilerName="/usr/bin/c++"
	CompilerVersion="13.2.0"
	OSName="Linux"
	Hostname="ethanfoong-ROG-Zephyrus-G15-GA503QS-GA503QS"
	OSRelease="6.8.0-38-generic"
	OSVersion="#38-Ubuntu SMP PREEMPT_DYNAMIC Fri Jun  7 15:25:01 UTC 2024"
	OSPlatform="x86_64"
	Is64Bits="1"
	VendorString="AuthenticAMD"
	VendorID="Advanced Micro Devices"
	FamilyID="25"
	ModelID="80"
	ProcessorCacheSize="512"
	NumberOfLogicalCPU="16"
	NumberOfPhysicalCPU="8"
	TotalVirtualMemory="4095"
	TotalPhysicalMemory="15389"
	LogicalProcessorsPerPhysical="2"
	ProcessorClockFrequency="3709.79"
	>
	<Testing>
		<StartDateTime>Jul 24 15:42 CDT</StartDateTime>
		<StartTestTime>1721853749</StartTestTime>
		<TestList/>
		<EndDateTime>Jul 24 15:42 CDT</EndDateTime>
		<EndTestTime>1721853749</EndTestTime>
		<ElapsedMinutes>0</ElapsedMinutes>
	</Testing>
</Site>
