<?xml version="1.0" encoding="UTF-8"?>
<Site BuildName="(empty)"
	BuildStamp="20240906-2050-Experimental"
	Name="ethanfoong-ROG-Zephyrus-G15-GA503QS-GA503QS"
	Generator="ctest-3.28.3"
	CompilerName="/usr/bin/c++"
	CompilerVersion="13.2.0"
	OSName="Linux"
	Hostname="ethanfoong-ROG-Zephyrus-G15-GA503QS-GA503QS"
	OSRelease="6.8.0-41-generic"
	OSVersion="#41-Ubuntu SMP PREEMPT_DYNAMIC Fri Aug  2 20:41:06 UTC 2024"
	OSPlatform="x86_64"
	Is64Bits="1"
	VendorString="AuthenticAMD"
	VendorID="Advanced Micro Devices"
	FamilyID="25"
	ModelID="80"
	ProcessorCacheSize="512"
	NumberOfLogicalCPU="16"
	NumberOfPhysicalCPU="8"
	TotalVirtualMemory="4095"
	TotalPhysicalMemory="15389"
	LogicalProcessorsPerPhysical="2"
	ProcessorClockFrequency="3692.95"
	>
	<Testing>
		<StartDateTime>Sep 06 13:50 PDT</StartDateTime>
		<StartTestTime>1725655813</StartTestTime>
		<TestList/>
		<EndDateTime>Sep 06 13:50 PDT</EndDateTime>
		<EndTestTime>1725655813</EndTestTime>
		<ElapsedMinutes>0</ElapsedMinutes>
	</Testing>
</Site>
