<?xml version="1.0" encoding="UTF-8"?>
<Site BuildName="(empty)"
	BuildStamp="20241114-1919-Experimental"
	Name="ethanfoong-ROG-Zephyrus-G15-GA503QS-GA503QS"
	Generator="ctest-3.28.3"
	CompilerName="/usr/bin/c++"
	CompilerVersion="13.2.0"
	OSName="Linux"
	Hostname="ethanfoong-ROG-Zephyrus-G15-GA503QS-GA503QS"
	OSRelease="6.8.0-48-generic"
	OSVersion="#48-Ubuntu SMP PREEMPT_DYNAMIC Fri Sep 27 14:04:52 UTC 2024"
	OSPlatform="x86_64"
	Is64Bits="1"
	VendorString="AuthenticAMD"
	VendorID="Advanced Micro Devices"
	FamilyID="25"
	ModelID="80"
	ProcessorCacheSize="512"
	NumberOfLogicalCPU="16"
	NumberOfPhysicalCPU="8"
	TotalVirtualMemory="4095"
	TotalPhysicalMemory="15389"
	LogicalProcessorsPerPhysical="2"
	ProcessorClockFrequency="3551.32"
	>
	<Testing>
		<StartDateTime>Nov 14 13:19 CST</StartDateTime>
		<StartTestTime>1731611954</StartTestTime>
		<TestList/>
		<EndDateTime>Nov 14 13:19 CST</EndDateTime>
		<EndTestTime>1731611954</EndTestTime>
		<ElapsedMinutes>0</ElapsedMinutes>
	</Testing>
</Site>
